INFO:botocore.credentials:Found credentials in shared credentials file: ~/.aws/credentials
INFO:app:Bedrock 客户端初始化成功
INFO:     Started server process [7244]
INFO:     Waiting for application startup.
INFO:     Application startup complete.
INFO:     Uvicorn running on http://0.0.0.0:8000 (Press CTRL+C to quit)
INFO:     127.0.0.1:64676 - "GET /health HTTP/1.1" 200 OK
INFO:app:收到视频生成请求: 文件名=Picture1.png, 提示词长度=15, 时长=6
INFO:app:文件大小: 310711 bytes
INFO:app:文件保存成功: uploads/ef76dbb1-45ae-464e-83d6-6c82f707da41_Picture1.png
INFO:app:原始图片尺寸: 478x268
INFO:app:图片尺寸 478x268 不符合要求，正在调整为 1280x720
INFO:app:图片尺寸调整完成: uploads/ef76dbb1-45ae-464e-83d6-6c82f707da41_Picture1_resized.png
INFO:app:开始转换图片为base64
INFO:app:图片转换为 base64 成功，长度: 393988
INFO:app:图片转换完成，base64长度: 393988
INFO:app:开始生成视频，提示词: “Dolly forward”..., 时长: 6秒
INFO:app:开始调用 Nova Reel 异步作业，提示词长度: 15, 时长: 6秒
INFO:app:使用 Bedrock 视频生成桶: bedrock-video-generation-us-east-1-pi8hu9
INFO:app:启动异步作业: seed=1977519023, duration=6, s3_uri=s3://bedrock-video-generation-us-east-1-pi8hu9/nova-reel-outputs
ERROR:app:Bedrock 异步作业启动失败: ValidationException - Invalid Output Config/Credentials
INFO:     127.0.0.1:54698 - "POST /generate_video HTTP/1.1" 500 Internal Server Error
INFO:app:收到视频生成请求: 文件名=Picture1.png, 提示词长度=15, 时长=6
INFO:app:文件大小: 310711 bytes
INFO:app:文件保存成功: uploads/c2f7733a-1862-4674-ba8d-ca57b7378919_Picture1.png
INFO:app:原始图片尺寸: 478x268
INFO:app:图片尺寸 478x268 不符合要求，正在调整为 1280x720
INFO:app:图片尺寸调整完成: uploads/c2f7733a-1862-4674-ba8d-ca57b7378919_Picture1_resized.png
INFO:app:开始转换图片为base64
INFO:app:图片转换为 base64 成功，长度: 393988
INFO:app:图片转换完成，base64长度: 393988
INFO:app:开始生成视频，提示词: “Dolly forward”..., 时长: 6秒
INFO:app:开始调用 Nova Reel 异步作业，提示词长度: 15, 时长: 6秒
INFO:app:使用 Bedrock 视频生成桶: bedrock-video-generation-us-east-1-pi8hu9
INFO:app:启动异步作业: seed=1466441383, duration=6, s3_uri=s3://bedrock-video-generation-us-east-1-pi8hu9/nova-reel-outputs
ERROR:app:Bedrock 异步作业启动失败: ValidationException - Invalid Output Config/Credentials
INFO:     127.0.0.1:56782 - "POST /generate_video HTTP/1.1" 500 Internal Server Error
INFO:     Shutting down
INFO:     Waiting for application shutdown.
INFO:     Application shutdown complete.
INFO:     Finished server process [7244]
